<?xml version="1.0" encoding="UTF-8"?>
<!-- Generated by org.testng.reporters.JUnitReportReporter -->
<testsuite hostname="DESKTOP-MN5RQUC" failures="0" tests="1" name="testcases.LearnAutomationLoginTest" time="7.236" errors="0" timestamp="2023-02-27T11:25:38 IST" skipped="0">
  <testcase classname="testcases.LearnAutomationLoginTest" name="loginApplication" time="7.236"/>
  <system-out/>
</testsuite> <!-- testcases.LearnAutomationLoginTest -->
