<?xml version="1.0" encoding="UTF-8"?>
<!-- Generated by org.testng.reporters.JUnitReportReporter -->
<testsuite hostname="DESKTOP-MN5RQUC" failures="0" tests="2" name="testcases.LoginTest" time="15.088" errors="0" timestamp="2023-02-14T21:12:31 IST" skipped="0">
  <testcase classname="testcases.LoginTest" name="loginToApplication" time="9.209"/>
  <system-out/>
  <testcase classname="testcases.LoginTest" name="loginToApplication" time="5.879"/>
  <system-out/>
</testsuite> <!-- testcases.LoginTest -->
