<?xml version="1.0" encoding="UTF-8"?>
<!-- Generated by org.testng.reporters.JUnitReportReporter -->
<testsuite hostname="DESKTOP-MN5RQUC" failures="0" tests="2" name="testcases.LoginTest" time="18.370" errors="0" timestamp="2023-02-18T19:54:36 IST" skipped="0">
  <testcase classname="testcases.LoginTest" name="loginToApplication" time="6.121"/>
  <system-out/>
  <testcase classname="testcases.LoginTest" name="loginToApplication" time="12.249"/>
  <system-out/>
</testsuite> <!-- testcases.LoginTest -->
