<?xml version="1.0" encoding="UTF-8"?>
<!-- Generated by org.testng.reporters.JUnitReportReporter -->
<testsuite hostname="DESKTOP-MN5RQUC" failures="0" tests="2" name="testcases.LoginTest" time="23.701" errors="0" timestamp="2023-02-14T21:15:26 IST" skipped="0">
  <testcase classname="testcases.LoginTest" name="loginToApplication" time="8.309"/>
  <system-out/>
  <testcase classname="testcases.LoginTest" name="loginToApplication" time="15.392"/>
  <system-out/>
</testsuite> <!-- testcases.LoginTest -->
